<?xml version="1.0" encoding="UTF-8"?>
<!-- Generated by org.testng.reporters.JUnitXMLReporter -->
<testsuite hostname="DESKTOP-TLBTJMO" ignored="0" name="Surefire test" tests="2" failures="0" timestamp="09 Nov 2022 18:37:22 GMT" time="77.56" errors="0">
  <testcase name="loginTestCase" time="21.463" classname="July2022BatchSeleniumDemo.seleniumdemojuly2022.LoginTest"/>
  <testcase name="loginTestCase2" time="42.679" classname="July2022BatchSeleniumDemo.seleniumdemojuly2022.LoginTest"/>
</testsuite> <!-- Surefire test -->
