<?xml version="1.0" encoding="UTF-8"?>
<!-- Generated by org.testng.reporters.JUnitXMLReporter -->
<testsuite hostname="DESKTOP-TLBTJMO" ignored="0" name="Default test" tests="2" failures="0" timestamp="2022-11-09T12:20:02 CST" time="80.493" errors="0">
  <testcase name="loginTestCase" time="39.611" classname="July2022BatchSeleniumDemo.seleniumdemojuly2022.LoginTest"/>
  <testcase name="loginTestCase2" time="26.65" classname="July2022BatchSeleniumDemo.seleniumdemojuly2022.LoginTest"/>
</testsuite> <!-- Default test -->
