<?xml version="1.0" encoding="UTF-8"?>
<testng-results skipped="0" failed="0" ignored="0" total="2" passed="2">
  <reporter-output>
  </reporter-output>
  <suite name="Surefire suite" duration-ms="77560" started-at="2022-11-09T18:36:04Z" finished-at="2022-11-09T18:37:22Z">
    <groups>
    </groups>
    <test name="Surefire test" duration-ms="77560" started-at="2022-11-09T18:36:04Z" finished-at="2022-11-09T18:37:22Z">
      <class name="July2022BatchSeleniumDemo.seleniumdemojuly2022.LoginTest">
        <test-method status="PASS" signature="setUp()[pri:0, instance:July2022BatchSeleniumDemo.seleniumdemojuly2022.LoginTest@6d00a15d]" name="setUp" is-config="true" duration-ms="13368" started-at="2022-11-09T18:36:04Z" finished-at="2022-11-09T18:36:17Z">
          <reporter-output>
          </reporter-output>
        </test-method> <!-- setUp -->
        <test-method status="PASS" signature="loginTestCase()[pri:0, instance:July2022BatchSeleniumDemo.seleniumdemojuly2022.LoginTest@6d00a15d]" name="loginTestCase" duration-ms="21463" started-at="2022-11-09T18:36:17Z" finished-at="2022-11-09T18:36:39Z">
          <reporter-output>
          </reporter-output>
        </test-method> <!-- loginTestCase -->
        <test-method status="PASS" signature="loginTestCase2()[pri:0, instance:July2022BatchSeleniumDemo.seleniumdemojuly2022.LoginTest@6d00a15d]" name="loginTestCase2" duration-ms="42679" started-at="2022-11-09T18:36:39Z" finished-at="2022-11-09T18:37:22Z">
          <reporter-output>
          </reporter-output>
        </test-method> <!-- loginTestCase2 -->
      </class> <!-- July2022BatchSeleniumDemo.seleniumdemojuly2022.LoginTest -->
    </test> <!-- Surefire test -->
  </suite> <!-- Surefire suite -->
</testng-results>
