<?xml version="1.0" encoding="UTF-8"?>
<testng-results skipped="0" failed="0" ignored="0" total="2" passed="2">
  <reporter-output>
  </reporter-output>
  <suite name="Default suite" duration-ms="80493" started-at="2022-11-09T12:18:42 CST" finished-at="2022-11-09T12:20:02 CST">
    <groups>
    </groups>
    <test name="Default test" duration-ms="80493" started-at="2022-11-09T12:18:42 CST" finished-at="2022-11-09T12:20:02 CST">
      <class name="July2022BatchSeleniumDemo.seleniumdemojuly2022.LoginTest">
        <test-method status="PASS" signature="setUp()[pri:0, instance:July2022BatchSeleniumDemo.seleniumdemojuly2022.LoginTest@75881071]" name="setUp" is-config="true" duration-ms="14026" started-at="2022-11-09T12:18:42 CST" finished-at="2022-11-09T12:18:56 CST">
          <reporter-output>
          </reporter-output>
        </test-method> <!-- setUp -->
        <test-method status="PASS" signature="loginTestCase()[pri:0, instance:July2022BatchSeleniumDemo.seleniumdemojuly2022.LoginTest@75881071]" name="loginTestCase" duration-ms="39611" started-at="2022-11-09T12:18:56 CST" finished-at="2022-11-09T12:19:35 CST">
          <reporter-output>
          </reporter-output>
        </test-method> <!-- loginTestCase -->
        <test-method status="PASS" signature="loginTestCase2()[pri:0, instance:July2022BatchSeleniumDemo.seleniumdemojuly2022.LoginTest@75881071]" name="loginTestCase2" duration-ms="26650" started-at="2022-11-09T12:19:35 CST" finished-at="2022-11-09T12:20:02 CST">
          <reporter-output>
          </reporter-output>
        </test-method> <!-- loginTestCase2 -->
      </class> <!-- July2022BatchSeleniumDemo.seleniumdemojuly2022.LoginTest -->
    </test> <!-- Default test -->
  </suite> <!-- Default suite -->
</testng-results>
